baseutil/build/intermediates/manifest_merge_blame_file/debug/manifest-merger-blame-debug-report.txt
1<?xml version="1.0" encoding="utf-8"?>
2<manifest xmlns:android="http://schemas.android.com/apk/res/android"
3    package="com.ldc.basutil"
4    android:versionCode="1"
5    android:versionName="1.0" >
6
7    <uses-sdk
8        android:minSdkVersion="15"
8-->src\main\AndroidManifest.xml
9        android:targetSdkVersion="28" />
9-->src\main\AndroidManifest.xml
10
11    <application
11-->src\main\AndroidManifest.xml:5:5-12:19
12        android:allowBackup="true"
12-->src\main\AndroidManifest.xml:6:9-35
13        android:icon="@mipmap/ic_launcher"
13-->src\main\AndroidManifest.xml:7:9-43
14        android:label="@string/app_name"
14-->src\main\AndroidManifest.xml:8:9-41
15        android:roundIcon="@mipmap/ic_launcher_round"
15-->src\main\AndroidManifest.xml:9:9-54
16        android:supportsRtl="true"
16-->src\main\AndroidManifest.xml:10:9-35
17        android:theme="@style/AppTheme" >
17-->src\main\AndroidManifest.xml:11:9-40
18    </application>
19
20</manifest>